#
# A fatal error has been detected by the Java Runtime Environment:
#
#  EXCEPTION_ACCESS_VIOLATION (0xc0000005) at pc=0x00007ffea981c64b, pid=12224, tid=7404
#
# JRE version: Java(TM) SE Runtime Environment (13.0+33) (build 13+33)
# Java VM: Java HotSpot(TM) 64-Bit Server VM (13+33, mixed mode, sharing, tiered, compressed oops, g1 gc, windows-amd64)
# Problematic frame:
# V  [jvm.dll+0x5dc64b]
#
# No core dump will be written. Minidumps are not enabled by default on client versions of Windows
#
# If you would like to submit a bug report, please visit:
#   http://bugreport.java.com/bugreport/crash.jsp
#

---------------  S U M M A R Y ------------

Command Line: -Dfile.encoding=UTF-8 -agentpath:C:/Program Files/NetBeans-11.1/netbeans/profiler/lib/deployed/jdk16/windows-amd64/profilerinterface.dll=C:\Program Files\NetBeans-11.1\netbeans\profiler\lib,5140,10 -XX:+HeapDumpOnOutOfMemoryError -XX:HeapDumpPath=C:\Users\axela\Documents\NetBeansProjects\Parquimetro\nbproject\private\profiler parquimetro.Parquimetro

Host: Intel(R) Pentium(R) Gold G5400 CPU @ 3.70GHz, 4 cores, 7G,  Windows 10 , 64 bit Build 18362 (10.0.18362.329)
Time: Sat Oct  5 00:51:07 2019 Hora estándar de Argentina elapsed time: 1 seconds (0d 0h 0m 1s)

---------------  T H R E A D  ---------------

Current thread (0x0000028213a58000):  JavaThread "*** Profiler Agent Communication Thread" daemon [_thread_in_vm, id=7404, stack(0x000000d53c200000,0x000000d53c300000)]

Stack: [0x000000d53c200000,0x000000d53c300000],  sp=0x000000d53c2fef90,  free space=1019k
Native frames: (J=compiled Java code, j=interpreted, Vv=VM code, C=native code)
V  [jvm.dll+0x5dc64b]
V  [jvm.dll+0x4a8cf4]
C  [profilerinterface.dll+0x34da]

Java frames: (J=compiled Java code, j=interpreted, Vv=VM code)
j  org.netbeans.lib.profiler.server.system.Stacks.getMethodNamesForJMethodIds(I[I[I)[B+0
j  org.netbeans.lib.profiler.server.ProfilerInterface.getMethodNamesForJMethodIds([I)Lorg/netbeans/lib/profiler/wireprotocol/MethodNamesResponse;+20
j  org.netbeans.lib.profiler.server.ProfilerServer.handleClientCommand(Lorg/netbeans/lib/profiler/wireprotocol/Command;)V+691
j  org.netbeans.lib.profiler.server.ProfilerServer.listenToClient()V+48
j  org.netbeans.lib.profiler.server.ProfilerServer.run()V+22
v  ~StubRoutines::call_stub

siginfo: EXCEPTION_ACCESS_VIOLATION (0xc0000005), reading address 0x0000000013cc8dd8


Register to memory mapping:

RIP=0x00007ffea981c64b jvm.dll
RAX=0x000000d53c2fef01 is pointing into the stack for thread: 0x0000028213a58000
RBX=0x0000028213a58000 is a thread
RCX=0x0000000013cc8dd8 is an unknown value
RDX=0x0000028213a58000 is a thread
RSP=0x000000d53c2fef90 is pointing into the stack for thread: 0x0000028213a58000
RBP=0x0000000013cc8dd8 is an unknown value
RSI=0x000000d53c2ff0b0 is pointing into the stack for thread: 0x0000028213a58000
RDI=0x000002827279c150 points into unknown readable memory: a0 cd c4 a9 fe 7f 00 00
R8 =0x000000d53c2ff0b0 is pointing into the stack for thread: 0x0000028213a58000
R9 =0x0000000000000001 is an unknown value
R10=0x0 is NULL
R11=0x000000d53c2fef88 is pointing into the stack for thread: 0x0000028213a58000
R12=0x000002821428b870 points into unknown readable memory: d8 8d cc 53 40 91 cc 53
R13=0x000000000000003b is an unknown value
R14=0x00007ffeda7f9c68 profilerinterface.dll
R15=0x00007ffeda7f9a60 profilerinterface.dll


Registers:
RAX=0x000000d53c2fef01, RBX=0x0000028213a58000, RCX=0x0000000013cc8dd8, RDX=0x0000028213a58000
RSP=0x000000d53c2fef90, RBP=0x0000000013cc8dd8, RSI=0x000000d53c2ff0b0, RDI=0x000002827279c150
R8 =0x000000d53c2ff0b0, R9 =0x0000000000000001, R10=0x0000000000000000, R11=0x000000d53c2fef88
R12=0x000002821428b870, R13=0x000000000000003b, R14=0x00007ffeda7f9c68, R15=0x00007ffeda7f9a60
RIP=0x00007ffea981c64b, EFLAGS=0x0000000000010206

Top of Stack: (sp=0x000000d53c2fef90)
0x000000d53c2fef90:   000000000000003b 0000000000000000
0x000000d53c2fefa0:   0000000088c31780 00007ffea960773c
0x000000d53c2fefb0:   0000028213a58000 00007ffea96e8cf4
0x000000d53c2fefc0:   000000000000003b 0000028213a58000
0x000000d53c2fefd0:   0000028213a58310 00007ffedf059da0
0x000000d53c2fefe0:   0000028213a58000 0000000000000000
0x000000d53c2feff0:   0000000000000000 0000000000000000
0x000000d53c2ff000:   0000000013cc8dd8 00007ffeda7f34da
0x000000d53c2ff010:   0000000000000000 0000028213a58310
0x000000d53c2ff020:   000000000000088f 000000d53c2ff160
0x000000d53c2ff030:   000002821428b870 00007ffea95baf07
0x000000d53c2ff040:   000000d53c2ff060 0000028213a0aa90
0x000000d53c2ff050:   00000000001532bb 000002820005fd87
0x000000d53c2ff060:   00000282132faaa8 0000028213a58000
0x000000d53c2ff070:   0000028213a58000 00000282132faaa8
0x000000d53c2ff080:   0000000000000000 0000028200009d50 

Instructions: (pc=0x00007ffea981c64b)
0x00007ffea981c54b:   c6 05 91 30 48 00 01 eb 61 48 8b 54 24 20 45 33
0x00007ffea981c55b:   c0 48 8b 05 55 a5 43 00 48 83 c2 18 48 8b ce ff
0x00007ffea981c56b:   d0 48 85 c0 74 20 48 8b 44 24 20 48 8b d6 48 8b
0x00007ffea981c57b:   48 08 48 8b 41 08 48 8b 48 18 48 8b 89 98 00 00
0x00007ffea981c58b:   00 e8 1f f8 ff ff 38 1d b6 57 4a 00 74 13 48 8b
0x00007ffea981c59b:   4c 24 20 48 8b d7 e8 8a 2b 00 00 48 39 5f 08 75
0x00007ffea981c5ab:   09 48 8b 44 24 20 48 8b 58 18 48 8d 4c 24 20 e8
0x00007ffea981c5bb:   61 98 d6 ff 48 8b 74 24 48 48 8b c3 48 8b 5c 24
0x00007ffea981c5cb:   40 48 83 c4 30 5f c3 cc cc cc cc cc cc cc cc cc
0x00007ffea981c5db:   cc cc cc cc cc 48 8b 51 08 4c 8b c1 48 8b 42 08
0x00007ffea981c5eb:   0f b6 52 24 c0 ea 06 48 8b 48 18 8b 81 a4 00 00
0x00007ffea981c5fb:   00 f6 c2 01 75 27 48 85 c9 74 14 8b c8 c1 e9 09
0x00007ffea981c60b:   f6 c1 01 74 0a 41 f7 40 20 02 04 00 00 74 0e 41
0x00007ffea981c61b:   8b 48 20 0b c8 f6 c1 10 74 03 b0 01 c3 41 83 78
0x00007ffea981c62b:   24 fe 0f 94 c0 c3 cc cc cc cc cc cc cc cc cc cc
0x00007ffea981c63b:   cc cc cc cc cc 40 53 48 83 ec 20 48 85 c9 74 24
0x00007ffea981c64b:   48 8b 19 48 85 db 74 1c 48 83 fb 37 74 16 48 8b
0x00007ffea981c65b:   13 48 8b cb ff 52 10 84 c0 74 09 48 8b c3 48 83
0x00007ffea981c66b:   c4 20 5b c3 33 c0 48 83 c4 20 5b c3 cc cc cc cc
0x00007ffea981c67b:   cc cc cc cc cc 40 53 55 41 56 41 57 48 83 ec 28
0x00007ffea981c68b:   48 8b 41 08 33 ed 4c 8b f1 48 8b 50 08 4c 8b 7a
0x00007ffea981c69b:   18 49 8b 9f 78 01 00 00 48 85 db 0f 84 d5 00 00
0x00007ffea981c6ab:   00 8b 15 f2 0a 4f 00 65 48 8b 04 25 58 00 00 00
0x00007ffea981c6bb:   48 89 74 24 50 4c 89 64 24 60 4c 89 6c 24 20 41
0x00007ffea981c6cb:   bd ff ff 00 00 4c 8d 24 d0 41 b8 08 00 00 00 48
0x00007ffea981c6db:   89 7c 24 58 90 49 8b 56 08 48 8b 73 10 0f b7 42
0x00007ffea981c6eb:   2a 66 39 43 08 75 6c 0f b7 42 2c 66 39 43 0a 75
0x00007ffea981c6fb:   62 48 63 4b 04 0f b6 03 88 44 11 38 49 8b 04 24
0x00007ffea981c70b:   41 8b c8 48 8b 3c 01 49 8b ce 48 8b d7 e8 83 4c
0x00007ffea981c71b:   bd ff 48 83 7f 08 00 75 0a 48 85 c0 74 05 66 44
0x00007ffea981c72b:   01 68 16 48 85 ed 74 14 48 8b cb 48 89 75 10 e8
0x00007ffea981c73b:   b1 e1 ad ff 41 b8 08 00 00 00 eb 1a 48 8b cb 49 


Stack slot to memory mapping:
stack at sp + 0 slots: 0x000000000000003b is an unknown value
stack at sp + 1 slots: 0x0 is NULL
stack at sp + 2 slots: 0x0000000088c31780 is an oop: [I 
{0x0000000088c31780} - klass: {type array int}
 - length: 59
stack at sp + 3 slots: 0x00007ffea960773c jvm.dll
stack at sp + 4 slots: 0x0000028213a58000 is a thread
stack at sp + 5 slots: 0x00007ffea96e8cf4 jvm.dll
stack at sp + 6 slots: 0x000000000000003b is an unknown value
stack at sp + 7 slots: 0x0000028213a58000 is a thread


---------------  P R O C E S S  ---------------

Threads class SMR info:
_java_thread_list=0x0000028213c66e30, length=15, elements={
0x000002827ff04000, 0x000002827ff07800, 0x000002827ff24800, 0x000002827ff26800,
0x000002827ff2c000, 0x000002827ff33000, 0x000002827ff34800, 0x0000028213a30800,
0x0000028213a58000, 0x0000028213ab9800, 0x0000028213abf000, 0x0000028214879800,
0x0000028214878800, 0x000002827485d800, 0x0000028214722800
}

Java Threads: ( => current thread )
  0x000002827ff04000 JavaThread "Reference Handler" daemon [_thread_blocked, id=8844, stack(0x000000d53ba00000,0x000000d53bb00000)]
  0x000002827ff07800 JavaThread "Finalizer" daemon [_thread_blocked, id=8032, stack(0x000000d53bb00000,0x000000d53bc00000)]
  0x000002827ff24800 JavaThread "Signal Dispatcher" daemon [_thread_blocked, id=16212, stack(0x000000d53bc00000,0x000000d53bd00000)]
  0x000002827ff26800 JavaThread "Attach Listener" daemon [_thread_blocked, id=12132, stack(0x000000d53bd00000,0x000000d53be00000)]
  0x000002827ff2c000 JavaThread "C2 CompilerThread0" daemon [_thread_blocked, id=11548, stack(0x000000d53be00000,0x000000d53bf00000)]
  0x000002827ff33000 JavaThread "C1 CompilerThread0" daemon [_thread_blocked, id=5884, stack(0x000000d53bf00000,0x000000d53c000000)]
  0x000002827ff34800 JavaThread "Sweeper thread" daemon [_thread_blocked, id=5504, stack(0x000000d53c000000,0x000000d53c100000)]
  0x0000028213a30800 JavaThread "Common-Cleaner" daemon [_thread_blocked, id=15248, stack(0x000000d53c100000,0x000000d53c200000)]
=>0x0000028213a58000 JavaThread "*** Profiler Agent Communication Thread" daemon [_thread_in_vm, id=7404, stack(0x000000d53c200000,0x000000d53c300000)]
  0x0000028213ab9800 JavaThread "*** JFluid Monitor thread ***" daemon [_thread_blocked, id=13096, stack(0x000000d53c300000,0x000000d53c400000)]
  0x0000028213abf000 JavaThread "*** Profiler Agent Special Execution Thread 6" daemon [_thread_blocked, id=12096, stack(0x000000d53c400000,0x000000d53c500000)]
  0x0000028214879800 JavaThread "*** Profiler Agent Special Execution Thread 10" daemon [_thread_blocked, id=2728, stack(0x000000d53c600000,0x000000d53c700000)]
  0x0000028214878800 JavaThread "Service Thread" daemon [_thread_blocked, id=14328, stack(0x000000d53c500000,0x000000d53c600000)]
  0x000002827485d800 JavaThread "DestroyJavaVM" [_thread_blocked, id=11252, stack(0x000000d53b300000,0x000000d53b400000)]
  0x0000028214722800 JavaThread "*** Profiler Agent Special Execution Thread 7" [_thread_blocked, id=1888, stack(0x000000d53c800000,0x000000d53c900000)]

Other Threads:
  0x000002827ff16800 VMThread "VM Thread" [stack: 0x000000d53b900000,0x000000d53ba00000] [id=6224] _threads_hazard_ptr=0x0000028213c66e30
  0x0000028214744000 WatcherThread [stack: 0x000000d53c700000,0x000000d53c800000] [id=912]
  0x00000282748a2800 GCTaskThread "GC Thread#0" [stack: 0x000000d53b400000,0x000000d53b500000] [id=5928]
  0x00000282748b4000 ConcurrentGCThread "G1 Main Marker" [stack: 0x000000d53b500000,0x000000d53b600000] [id=1908]
  0x00000282748b5800 ConcurrentGCThread "G1 Conc#0" [stack: 0x000000d53b600000,0x000000d53b700000] [id=10952]
  0x000002827fd83800 ConcurrentGCThread "G1 Refine#0" [stack: 0x000000d53b700000,0x000000d53b800000] [id=11376]
  0x000002827fd86000 ConcurrentGCThread "G1 Young RemSet Sampling" [stack: 0x000000d53b800000,0x000000d53b900000] [id=9052]

Threads with active compile tasks:

VM state:synchronizing (normal execution)

VM Mutex/Monitor currently owned by a thread:  ([mutex/lock_event])
[0x0000028274859f10] Threads_lock - owner thread: 0x000002827ff16800

Heap address: 0x0000000081200000, size: 2030 MB, Compressed Oops mode: 32-bit
Narrow klass base: 0x0000000800000000, Narrow klass shift: 3
Compressed class space size: 1073741824 Address: 0x0000000800b40000

Heap:
 garbage-first heap   total 131072K, used 8192K [0x0000000081200000, 0x0000000100000000)
  region size 1024K, 7 young (7168K), 0 survivors (0K)
 Metaspace       used 4679K, capacity 4884K, committed 4992K, reserved 1056768K
  class space    used 514K, capacity 576K, committed 640K, reserved 1048576K
Heap Regions: E=young(eden), S=young(survivor), O=old, HS=humongous(starts), HC=humongous(continues), CS=collection set, F=free, A=archive, TAMS=top-at-mark-start (previous, next)
|   0|0x0000000081200000, 0x0000000081300000, 0x0000000081300000|100%|HS|  |TAMS 0x0000000081200000, 0x0000000081200000| Complete 
|   1|0x0000000081300000, 0x0000000081400000, 0x0000000081400000|100%|HC|  |TAMS 0x0000000081300000, 0x0000000081300000| Complete 
|   2|0x0000000081400000, 0x0000000081400000, 0x0000000081500000|  0%| F|  |TAMS 0x0000000081400000, 0x0000000081400000| Untracked 
|   3|0x0000000081500000, 0x0000000081500000, 0x0000000081600000|  0%| F|  |TAMS 0x0000000081500000, 0x0000000081500000| Untracked 
|   4|0x0000000081600000, 0x0000000081600000, 0x0000000081700000|  0%| F|  |TAMS 0x0000000081600000, 0x0000000081600000| Untracked 
|   5|0x0000000081700000, 0x0000000081700000, 0x0000000081800000|  0%| F|  |TAMS 0x0000000081700000, 0x0000000081700000| Untracked 
|   6|0x0000000081800000, 0x0000000081800000, 0x0000000081900000|  0%| F|  |TAMS 0x0000000081800000, 0x0000000081800000| Untracked 
|   7|0x0000000081900000, 0x0000000081900000, 0x0000000081a00000|  0%| F|  |TAMS 0x0000000081900000, 0x0000000081900000| Untracked 
|   8|0x0000000081a00000, 0x0000000081a00000, 0x0000000081b00000|  0%| F|  |TAMS 0x0000000081a00000, 0x0000000081a00000| Untracked 
|   9|0x0000000081b00000, 0x0000000081b00000, 0x0000000081c00000|  0%| F|  |TAMS 0x0000000081b00000, 0x0000000081b00000| Untracked 
|  10|0x0000000081c00000, 0x0000000081c00000, 0x0000000081d00000|  0%| F|  |TAMS 0x0000000081c00000, 0x0000000081c00000| Untracked 
|  11|0x0000000081d00000, 0x0000000081d00000, 0x0000000081e00000|  0%| F|  |TAMS 0x0000000081d00000, 0x0000000081d00000| Untracked 
|  12|0x0000000081e00000, 0x0000000081e00000, 0x0000000081f00000|  0%| F|  |TAMS 0x0000000081e00000, 0x0000000081e00000| Untracked 
|  13|0x0000000081f00000, 0x0000000081f00000, 0x0000000082000000|  0%| F|  |TAMS 0x0000000081f00000, 0x0000000081f00000| Untracked 
|  14|0x0000000082000000, 0x0000000082000000, 0x0000000082100000|  0%| F|  |TAMS 0x0000000082000000, 0x0000000082000000| Untracked 
|  15|0x0000000082100000, 0x0000000082100000, 0x0000000082200000|  0%| F|  |TAMS 0x0000000082100000, 0x0000000082100000| Untracked 
|  16|0x0000000082200000, 0x0000000082200000, 0x0000000082300000|  0%| F|  |TAMS 0x0000000082200000, 0x0000000082200000| Untracked 
|  17|0x0000000082300000, 0x0000000082300000, 0x0000000082400000|  0%| F|  |TAMS 0x0000000082300000, 0x0000000082300000| Untracked 
|  18|0x0000000082400000, 0x0000000082400000, 0x0000000082500000|  0%| F|  |TAMS 0x0000000082400000, 0x0000000082400000| Untracked 
|  19|0x0000000082500000, 0x0000000082500000, 0x0000000082600000|  0%| F|  |TAMS 0x0000000082500000, 0x0000000082500000| Untracked 
|  20|0x0000000082600000, 0x0000000082600000, 0x0000000082700000|  0%| F|  |TAMS 0x0000000082600000, 0x0000000082600000| Untracked 
|  21|0x0000000082700000, 0x0000000082700000, 0x0000000082800000|  0%| F|  |TAMS 0x0000000082700000, 0x0000000082700000| Untracked 
|  22|0x0000000082800000, 0x0000000082800000, 0x0000000082900000|  0%| F|  |TAMS 0x0000000082800000, 0x0000000082800000| Untracked 
|  23|0x0000000082900000, 0x0000000082900000, 0x0000000082a00000|  0%| F|  |TAMS 0x0000000082900000, 0x0000000082900000| Untracked 
|  24|0x0000000082a00000, 0x0000000082a00000, 0x0000000082b00000|  0%| F|  |TAMS 0x0000000082a00000, 0x0000000082a00000| Untracked 
|  25|0x0000000082b00000, 0x0000000082b00000, 0x0000000082c00000|  0%| F|  |TAMS 0x0000000082b00000, 0x0000000082b00000| Untracked 
|  26|0x0000000082c00000, 0x0000000082c00000, 0x0000000082d00000|  0%| F|  |TAMS 0x0000000082c00000, 0x0000000082c00000| Untracked 
|  27|0x0000000082d00000, 0x0000000082d00000, 0x0000000082e00000|  0%| F|  |TAMS 0x0000000082d00000, 0x0000000082d00000| Untracked 
|  28|0x0000000082e00000, 0x0000000082e00000, 0x0000000082f00000|  0%| F|  |TAMS 0x0000000082e00000, 0x0000000082e00000| Untracked 
|  29|0x0000000082f00000, 0x0000000082f00000, 0x0000000083000000|  0%| F|  |TAMS 0x0000000082f00000, 0x0000000082f00000| Untracked 
|  30|0x0000000083000000, 0x0000000083000000, 0x0000000083100000|  0%| F|  |TAMS 0x0000000083000000, 0x0000000083000000| Untracked 
|  31|0x0000000083100000, 0x0000000083100000, 0x0000000083200000|  0%| F|  |TAMS 0x0000000083100000, 0x0000000083100000| Untracked 
|  32|0x0000000083200000, 0x0000000083200000, 0x0000000083300000|  0%| F|  |TAMS 0x0000000083200000, 0x0000000083200000| Untracked 
|  33|0x0000000083300000, 0x0000000083300000, 0x0000000083400000|  0%| F|  |TAMS 0x0000000083300000, 0x0000000083300000| Untracked 
|  34|0x0000000083400000, 0x0000000083400000, 0x0000000083500000|  0%| F|  |TAMS 0x0000000083400000, 0x0000000083400000| Untracked 
|  35|0x0000000083500000, 0x0000000083500000, 0x0000000083600000|  0%| F|  |TAMS 0x0000000083500000, 0x0000000083500000| Untracked 
|  36|0x0000000083600000, 0x0000000083600000, 0x0000000083700000|  0%| F|  |TAMS 0x0000000083600000, 0x0000000083600000| Untracked 
|  37|0x0000000083700000, 0x0000000083700000, 0x0000000083800000|  0%| F|  |TAMS 0x0000000083700000, 0x0000000083700000| Untracked 
|  38|0x0000000083800000, 0x0000000083800000, 0x0000000083900000|  0%| F|  |TAMS 0x0000000083800000, 0x0000000083800000| Untracked 
|  39|0x0000000083900000, 0x0000000083900000, 0x0000000083a00000|  0%| F|  |TAMS 0x0000000083900000, 0x0000000083900000| Untracked 
|  40|0x0000000083a00000, 0x0000000083a00000, 0x0000000083b00000|  0%| F|  |TAMS 0x0000000083a00000, 0x0000000083a00000| Untracked 
|  41|0x0000000083b00000, 0x0000000083b00000, 0x0000000083c00000|  0%| F|  |TAMS 0x0000000083b00000, 0x0000000083b00000| Untracked 
|  42|0x0000000083c00000, 0x0000000083c00000, 0x0000000083d00000|  0%| F|  |TAMS 0x0000000083c00000, 0x0000000083c00000| Untracked 
|  43|0x0000000083d00000, 0x0000000083d00000, 0x0000000083e00000|  0%| F|  |TAMS 0x0000000083d00000, 0x0000000083d00000| Untracked 
|  44|0x0000000083e00000, 0x0000000083e00000, 0x0000000083f00000|  0%| F|  |TAMS 0x0000000083e00000, 0x0000000083e00000| Untracked 
|  45|0x0000000083f00000, 0x0000000083f00000, 0x0000000084000000|  0%| F|  |TAMS 0x0000000083f00000, 0x0000000083f00000| Untracked 
|  46|0x0000000084000000, 0x0000000084000000, 0x0000000084100000|  0%| F|  |TAMS 0x0000000084000000, 0x0000000084000000| Untracked 
|  47|0x0000000084100000, 0x0000000084100000, 0x0000000084200000|  0%| F|  |TAMS 0x0000000084100000, 0x0000000084100000| Untracked 
|  48|0x0000000084200000, 0x0000000084200000, 0x0000000084300000|  0%| F|  |TAMS 0x0000000084200000, 0x0000000084200000| Untracked 
|  49|0x0000000084300000, 0x0000000084300000, 0x0000000084400000|  0%| F|  |TAMS 0x0000000084300000, 0x0000000084300000| Untracked 
|  50|0x0000000084400000, 0x0000000084400000, 0x0000000084500000|  0%| F|  |TAMS 0x0000000084400000, 0x0000000084400000| Untracked 
|  51|0x0000000084500000, 0x0000000084500000, 0x0000000084600000|  0%| F|  |TAMS 0x0000000084500000, 0x0000000084500000| Untracked 
|  52|0x0000000084600000, 0x0000000084600000, 0x0000000084700000|  0%| F|  |TAMS 0x0000000084600000, 0x0000000084600000| Untracked 
|  53|0x0000000084700000, 0x0000000084700000, 0x0000000084800000|  0%| F|  |TAMS 0x0000000084700000, 0x0000000084700000| Untracked 
|  54|0x0000000084800000, 0x0000000084800000, 0x0000000084900000|  0%| F|  |TAMS 0x0000000084800000, 0x0000000084800000| Untracked 
|  55|0x0000000084900000, 0x0000000084900000, 0x0000000084a00000|  0%| F|  |TAMS 0x0000000084900000, 0x0000000084900000| Untracked 
|  56|0x0000000084a00000, 0x0000000084a00000, 0x0000000084b00000|  0%| F|  |TAMS 0x0000000084a00000, 0x0000000084a00000| Untracked 
|  57|0x0000000084b00000, 0x0000000084b00000, 0x0000000084c00000|  0%| F|  |TAMS 0x0000000084b00000, 0x0000000084b00000| Untracked 
|  58|0x0000000084c00000, 0x0000000084c00000, 0x0000000084d00000|  0%| F|  |TAMS 0x0000000084c00000, 0x0000000084c00000| Untracked 
|  59|0x0000000084d00000, 0x0000000084d00000, 0x0000000084e00000|  0%| F|  |TAMS 0x0000000084d00000, 0x0000000084d00000| Untracked 
|  60|0x0000000084e00000, 0x0000000084e00000, 0x0000000084f00000|  0%| F|  |TAMS 0x0000000084e00000, 0x0000000084e00000| Untracked 
|  61|0x0000000084f00000, 0x0000000084f00000, 0x0000000085000000|  0%| F|  |TAMS 0x0000000084f00000, 0x0000000084f00000| Untracked 
|  62|0x0000000085000000, 0x0000000085000000, 0x0000000085100000|  0%| F|  |TAMS 0x0000000085000000, 0x0000000085000000| Untracked 
|  63|0x0000000085100000, 0x0000000085100000, 0x0000000085200000|  0%| F|  |TAMS 0x0000000085100000, 0x0000000085100000| Untracked 
|  64|0x0000000085200000, 0x0000000085200000, 0x0000000085300000|  0%| F|  |TAMS 0x0000000085200000, 0x0000000085200000| Untracked 
|  65|0x0000000085300000, 0x0000000085300000, 0x0000000085400000|  0%| F|  |TAMS 0x0000000085300000, 0x0000000085300000| Untracked 
|  66|0x0000000085400000, 0x0000000085400000, 0x0000000085500000|  0%| F|  |TAMS 0x0000000085400000, 0x0000000085400000| Untracked 
|  67|0x0000000085500000, 0x0000000085500000, 0x0000000085600000|  0%| F|  |TAMS 0x0000000085500000, 0x0000000085500000| Untracked 
|  68|0x0000000085600000, 0x0000000085600000, 0x0000000085700000|  0%| F|  |TAMS 0x0000000085600000, 0x0000000085600000| Untracked 
|  69|0x0000000085700000, 0x0000000085700000, 0x0000000085800000|  0%| F|  |TAMS 0x0000000085700000, 0x0000000085700000| Untracked 
|  70|0x0000000085800000, 0x0000000085800000, 0x0000000085900000|  0%| F|  |TAMS 0x0000000085800000, 0x0000000085800000| Untracked 
|  71|0x0000000085900000, 0x0000000085900000, 0x0000000085a00000|  0%| F|  |TAMS 0x0000000085900000, 0x0000000085900000| Untracked 
|  72|0x0000000085a00000, 0x0000000085a00000, 0x0000000085b00000|  0%| F|  |TAMS 0x0000000085a00000, 0x0000000085a00000| Untracked 
|  73|0x0000000085b00000, 0x0000000085b00000, 0x0000000085c00000|  0%| F|  |TAMS 0x0000000085b00000, 0x0000000085b00000| Untracked 
|  74|0x0000000085c00000, 0x0000000085c00000, 0x0000000085d00000|  0%| F|  |TAMS 0x0000000085c00000, 0x0000000085c00000| Untracked 
|  75|0x0000000085d00000, 0x0000000085d00000, 0x0000000085e00000|  0%| F|  |TAMS 0x0000000085d00000, 0x0000000085d00000| Untracked 
|  76|0x0000000085e00000, 0x0000000085e00000, 0x0000000085f00000|  0%| F|  |TAMS 0x0000000085e00000, 0x0000000085e00000| Untracked 
|  77|0x0000000085f00000, 0x0000000085f00000, 0x0000000086000000|  0%| F|  |TAMS 0x0000000085f00000, 0x0000000085f00000| Untracked 
|  78|0x0000000086000000, 0x0000000086000000, 0x0000000086100000|  0%| F|  |TAMS 0x0000000086000000, 0x0000000086000000| Untracked 
|  79|0x0000000086100000, 0x0000000086100000, 0x0000000086200000|  0%| F|  |TAMS 0x0000000086100000, 0x0000000086100000| Untracked 
|  80|0x0000000086200000, 0x0000000086200000, 0x0000000086300000|  0%| F|  |TAMS 0x0000000086200000, 0x0000000086200000| Untracked 
|  81|0x0000000086300000, 0x0000000086300000, 0x0000000086400000|  0%| F|  |TAMS 0x0000000086300000, 0x0000000086300000| Untracked 
|  82|0x0000000086400000, 0x0000000086400000, 0x0000000086500000|  0%| F|  |TAMS 0x0000000086400000, 0x0000000086400000| Untracked 
|  83|0x0000000086500000, 0x0000000086500000, 0x0000000086600000|  0%| F|  |TAMS 0x0000000086500000, 0x0000000086500000| Untracked 
|  84|0x0000000086600000, 0x0000000086600000, 0x0000000086700000|  0%| F|  |TAMS 0x0000000086600000, 0x0000000086600000| Untracked 
|  85|0x0000000086700000, 0x0000000086700000, 0x0000000086800000|  0%| F|  |TAMS 0x0000000086700000, 0x0000000086700000| Untracked 
|  86|0x0000000086800000, 0x0000000086800000, 0x0000000086900000|  0%| F|  |TAMS 0x0000000086800000, 0x0000000086800000| Untracked 
|  87|0x0000000086900000, 0x0000000086900000, 0x0000000086a00000|  0%| F|  |TAMS 0x0000000086900000, 0x0000000086900000| Untracked 
|  88|0x0000000086a00000, 0x0000000086a00000, 0x0000000086b00000|  0%| F|  |TAMS 0x0000000086a00000, 0x0000000086a00000| Untracked 
|  89|0x0000000086b00000, 0x0000000086b00000, 0x0000000086c00000|  0%| F|  |TAMS 0x0000000086b00000, 0x0000000086b00000| Untracked 
|  90|0x0000000086c00000, 0x0000000086c00000, 0x0000000086d00000|  0%| F|  |TAMS 0x0000000086c00000, 0x0000000086c00000| Untracked 
|  91|0x0000000086d00000, 0x0000000086d00000, 0x0000000086e00000|  0%| F|  |TAMS 0x0000000086d00000, 0x0000000086d00000| Untracked 
|  92|0x0000000086e00000, 0x0000000086e00000, 0x0000000086f00000|  0%| F|  |TAMS 0x0000000086e00000, 0x0000000086e00000| Untracked 
|  93|0x0000000086f00000, 0x0000000086f00000, 0x0000000087000000|  0%| F|  |TAMS 0x0000000086f00000, 0x0000000086f00000| Untracked 
|  94|0x0000000087000000, 0x0000000087000000, 0x0000000087100000|  0%| F|  |TAMS 0x0000000087000000, 0x0000000087000000| Untracked 
|  95|0x0000000087100000, 0x0000000087100000, 0x0000000087200000|  0%| F|  |TAMS 0x0000000087100000, 0x0000000087100000| Untracked 
|  96|0x0000000087200000, 0x0000000087200000, 0x0000000087300000|  0%| F|  |TAMS 0x0000000087200000, 0x0000000087200000| Untracked 
|  97|0x0000000087300000, 0x0000000087300000, 0x0000000087400000|  0%| F|  |TAMS 0x0000000087300000, 0x0000000087300000| Untracked 
|  98|0x0000000087400000, 0x0000000087400000, 0x0000000087500000|  0%| F|  |TAMS 0x0000000087400000, 0x0000000087400000| Untracked 
|  99|0x0000000087500000, 0x0000000087500000, 0x0000000087600000|  0%| F|  |TAMS 0x0000000087500000, 0x0000000087500000| Untracked 
| 100|0x0000000087600000, 0x0000000087600000, 0x0000000087700000|  0%| F|  |TAMS 0x0000000087600000, 0x0000000087600000| Untracked 
| 101|0x0000000087700000, 0x0000000087700000, 0x0000000087800000|  0%| F|  |TAMS 0x0000000087700000, 0x0000000087700000| Untracked 
| 102|0x0000000087800000, 0x0000000087800000, 0x0000000087900000|  0%| F|  |TAMS 0x0000000087800000, 0x0000000087800000| Untracked 
| 103|0x0000000087900000, 0x0000000087900000, 0x0000000087a00000|  0%| F|  |TAMS 0x0000000087900000, 0x0000000087900000| Untracked 
| 104|0x0000000087a00000, 0x0000000087a00000, 0x0000000087b00000|  0%| F|  |TAMS 0x0000000087a00000, 0x0000000087a00000| Untracked 
| 105|0x0000000087b00000, 0x0000000087b00000, 0x0000000087c00000|  0%| F|  |TAMS 0x0000000087b00000, 0x0000000087b00000| Untracked 
| 106|0x0000000087c00000, 0x0000000087c00000, 0x0000000087d00000|  0%| F|  |TAMS 0x0000000087c00000, 0x0000000087c00000| Untracked 
| 107|0x0000000087d00000, 0x0000000087d00000, 0x0000000087e00000|  0%| F|  |TAMS 0x0000000087d00000, 0x0000000087d00000| Untracked 
| 108|0x0000000087e00000, 0x0000000087e00000, 0x0000000087f00000|  0%| F|  |TAMS 0x0000000087e00000, 0x0000000087e00000| Untracked 
| 109|0x0000000087f00000, 0x0000000087f00000, 0x0000000088000000|  0%| F|  |TAMS 0x0000000087f00000, 0x0000000087f00000| Untracked 
| 110|0x0000000088000000, 0x0000000088000000, 0x0000000088100000|  0%| F|  |TAMS 0x0000000088000000, 0x0000000088000000| Untracked 
| 111|0x0000000088100000, 0x0000000088100000, 0x0000000088200000|  0%| F|  |TAMS 0x0000000088100000, 0x0000000088100000| Untracked 
| 112|0x0000000088200000, 0x0000000088200000, 0x0000000088300000|  0%| F|  |TAMS 0x0000000088200000, 0x0000000088200000| Untracked 
| 113|0x0000000088300000, 0x0000000088300000, 0x0000000088400000|  0%| F|  |TAMS 0x0000000088300000, 0x0000000088300000| Untracked 
| 114|0x0000000088400000, 0x0000000088400000, 0x0000000088500000|  0%| F|  |TAMS 0x0000000088400000, 0x0000000088400000| Untracked 
| 115|0x0000000088500000, 0x0000000088500000, 0x0000000088600000|  0%| F|  |TAMS 0x0000000088500000, 0x0000000088500000| Untracked 
| 116|0x0000000088600000, 0x0000000088600000, 0x0000000088700000|  0%| F|  |TAMS 0x0000000088600000, 0x0000000088600000| Untracked 
| 117|0x0000000088700000, 0x0000000088700000, 0x0000000088800000|  0%| F|  |TAMS 0x0000000088700000, 0x0000000088700000| Untracked 
| 118|0x0000000088800000, 0x0000000088800000, 0x0000000088900000|  0%| F|  |TAMS 0x0000000088800000, 0x0000000088800000| Untracked 
| 119|0x0000000088900000, 0x0000000088900000, 0x0000000088a00000|  0%| F|  |TAMS 0x0000000088900000, 0x0000000088900000| Untracked 
| 120|0x0000000088a00000, 0x0000000088a00000, 0x0000000088b00000|  0%| F|  |TAMS 0x0000000088a00000, 0x0000000088a00000| Untracked 
| 121|0x0000000088b00000, 0x0000000088bd7900, 0x0000000088c00000| 84%| E|  |TAMS 0x0000000088b00000, 0x0000000088b00000| Complete 
| 122|0x0000000088c00000, 0x0000000088d00000, 0x0000000088d00000|100%| E|CS|TAMS 0x0000000088c00000, 0x0000000088c00000| Complete 
| 123|0x0000000088d00000, 0x0000000088e00000, 0x0000000088e00000|100%| E|CS|TAMS 0x0000000088d00000, 0x0000000088d00000| Complete 
| 124|0x0000000088e00000, 0x0000000088f00000, 0x0000000088f00000|100%| E|CS|TAMS 0x0000000088e00000, 0x0000000088e00000| Complete 
| 125|0x0000000088f00000, 0x0000000089000000, 0x0000000089000000|100%| E|CS|TAMS 0x0000000088f00000, 0x0000000088f00000| Complete 
| 126|0x0000000089000000, 0x0000000089100000, 0x0000000089100000|100%| E|CS|TAMS 0x0000000089000000, 0x0000000089000000| Complete 
| 127|0x0000000089100000, 0x0000000089200000, 0x0000000089200000|100%| E|CS|TAMS 0x0000000089100000, 0x0000000089100000| Complete 

Card table byte_map: [0x000002827d160000,0x000002827d560000] _byte_map_base: 0x000002827cd57000

Marking Bits (Prev, Next): (CMBitMap*) 0x00000282748a3498, (CMBitMap*) 0x00000282748a34d8
 Prev Bits: [0x000002827d960000, 0x000002827f918000)
 Next Bits: [0x000002820f000000, 0x0000028210fb8000)

Polling page: 0x0000028272750000

Metaspace:

Usage:
  Non-class:      4.21 MB capacity,     4.07 MB ( 97%) used,   131.35 KB (  3%) free+waste,    12.00 KB ( <1%) overhead. 
      Class:    576.00 KB capacity,   514.41 KB ( 89%) used,    53.90 KB (  9%) free+waste,     7.69 KB (  1%) overhead. 
       Both:      4.77 MB capacity,     4.57 MB ( 96%) used,   185.25 KB (  4%) free+waste,    19.69 KB ( <1%) overhead. 

Virtual space:
  Non-class space:        8.00 MB reserved,       4.25 MB ( 53%) committed 
      Class space:        1.00 GB reserved,     640.00 KB ( <1%) committed 
             Both:        1.01 GB reserved,       4.88 MB ( <1%) committed 

Chunk freelists:
   Non-Class:  0 bytes
       Class:  0 bytes
        Both:  0 bytes

MaxMetaspaceSize: 17179869184.00 GB
CompressedClassSpaceSize: 1.00 GB

CodeHeap 'non-profiled nmethods': size=120064Kb used=204Kb max_used=204Kb free=119859Kb
 bounds [0x0000028207ac0000, 0x0000028207d30000, 0x000002820f000000]
CodeHeap 'profiled nmethods': size=120000Kb used=1212Kb max_used=1212Kb free=118787Kb
 bounds [0x0000028200590000, 0x0000028200800000, 0x0000028207ac0000]
CodeHeap 'non-nmethods': size=5696Kb used=1188Kb max_used=1201Kb free=4507Kb
 bounds [0x0000028200000000, 0x0000028200270000, 0x0000028200590000]
 total_blobs=1568 nmethods=742 adapters=357
 compilation: enabled
              stopped_count=0, restarted_count=0
 full_count=0

Compilation events (20 events):
Event: 1.100 Thread 0x000002827ff2c000  733       4       java.lang.String::getBytes (44 bytes)
Event: 1.102 Thread 0x000002827ff2c000 nmethod 733 0x0000028207af2590 code [0x0000028207af2720, 0x0000028207af2838]
Event: 1.103 Thread 0x000002827ff33000  734       1       java.nio.Buffer::capacity (5 bytes)
Event: 1.104 Thread 0x000002827ff33000 nmethod 734 0x0000028207af2990 code [0x0000028207af2b20, 0x0000028207af2c58]
Event: 1.115 Thread 0x000002827ff33000  735       1       java.lang.Thread::getId (5 bytes)
Event: 1.116 Thread 0x000002827ff33000 nmethod 735 0x0000028207af2d10 code [0x0000028207af2ea0, 0x0000028207af2fd8]
Event: 1.116 Thread 0x000002827ff33000  736       3       jdk.internal.misc.Unsafe::getLongUnaligned (173 bytes)
Event: 1.116 Thread 0x000002827ff33000 nmethod 736 0x00000282006bc090 code [0x00000282006bc280, 0x00000282006bc8c0]
Event: 1.181 Thread 0x000002827ff33000  737       3       java.lang.Integer::<init> (10 bytes)
Event: 1.181 Thread 0x000002827ff33000 nmethod 737 0x00000282006bca90 code [0x00000282006bcc40, 0x00000282006bce78]
Event: 1.340 Thread 0x000002827ff33000  738       3       java.lang.Long::valueOf (40 bytes)
Event: 1.341 Thread 0x000002827ff33000 nmethod 738 0x00000282006bcf90 code [0x00000282006bd160, 0x00000282006bd4f8]
Event: 1.614 Thread 0x000002827ff33000  739       3       java.util.Arrays::equals (43 bytes)
Event: 1.615 Thread 0x000002827ff33000 nmethod 739 0x00000282006bd690 code [0x00000282006bd860, 0x00000282006bdb70]
Event: 1.624 Thread 0x000002827ff33000  740       3       jdk.internal.util.ArraysSupport::vectorizedMismatch (268 bytes)
Event: 1.626 Thread 0x000002827ff33000 nmethod 740 0x00000282006bdc90 code [0x00000282006bde80, 0x00000282006be3f0]
Event: 1.626 Thread 0x000002827ff33000  741       3       org.netbeans.lib.profiler.server.ProfilerRuntimeSampler$Sampling::writeThreadInfoNoChange (86 bytes)
Event: 1.627 Thread 0x000002827ff33000 nmethod 741 0x00000282006be610 code [0x00000282006be7e0, 0x00000282006beb70]
Event: 1.899 Thread 0x000002827ff33000  742       3       java.lang.ThreadLocal::getMap (5 bytes)
Event: 1.899 Thread 0x000002827ff33000 nmethod 742 0x00000282006bed10 code [0x00000282006beec0, 0x00000282006bf038]

GC Heap History (0 events):
No events

Deoptimization events (8 events):
Event: 0.047 Thread 0x000002827485d800 Uncommon trap: trap_request=0xffffff45 fr.pc=0x0000028207ac4abc relative=0x000000000000019c
Event: 0.047 Thread 0x000002827485d800 Uncommon trap: reason=unstable_if action=reinterpret pc=0x0000028207ac4abc method=java.lang.String.hashCode()I @ 42 c2
Event: 0.047 Thread 0x000002827485d800 DEOPT PACKING pc=0x0000028207ac4abc sp=0x000000d53b3fda60
Event: 0.047 Thread 0x000002827485d800 DEOPT UNPACKING pc=0x0000028200049429 sp=0x000000d53b3fd9f8 mode 2
Event: 1.034 Thread 0x000002827485d800 Uncommon trap: trap_request=0xffffff45 fr.pc=0x0000028207acac20 relative=0x0000000000000080
Event: 1.034 Thread 0x000002827485d800 Uncommon trap: reason=unstable_if action=reinterpret pc=0x0000028207acac20 method=java.lang.String.isLatin1()Z @ 10 c2
Event: 1.034 Thread 0x000002827485d800 DEOPT PACKING pc=0x0000028207acac20 sp=0x000000d53b3fea50
Event: 1.034 Thread 0x000002827485d800 DEOPT UNPACKING pc=0x0000028200049429 sp=0x000000d53b3fe990 mode 2

Classes unloaded (0 events):
No events

Classes redefined (0 events):
No events

Internal exceptions (6 events):
Event: 0.421 Thread 0x000002827485d800 Exception <a 'java/lang/NoSuchMethodError'{0x0000000089075788}: 'java.lang.Object java.lang.invoke.DirectMethodHandle$Holder.invokeStaticInit(java.lang.Object, java.lang.Object, java.lang.Object)'> (0x0000000089075788) 
thrown [t:/workspace/open/src/hotspot/share/interpreter/linkResolver.cpp, line 767]
Event: 0.436 Thread 0x000002827485d800 Exception <a 'java/lang/NoSuchMethodError'{0x0000000088ff0e80}: 'int java.lang.invoke.DirectMethodHandle$Holder.invokeInterface(java.lang.Object, java.lang.Object)'> (0x0000000088ff0e80) 
thrown [t:/workspace/open/src/hotspot/share/interpreter/linkResolver.cpp, line 767]
Event: 0.436 Thread 0x000002827485d800 Exception <a 'java/lang/IncompatibleClassChangeError'{0x0000000088ff3988}: Found class java.lang.Object, but interface was expected> (0x0000000088ff3988) 
thrown [t:/workspace/open/src/hotspot/share/interpreter/linkResolver.cpp, line 833]
Event: 0.548 Thread 0x0000028213a58000 Exception <a 'java/lang/VerifyError'{0x0000000088f541e0}: Stack map does not match the one at exception handler 21
Exception Details:
  Location:
    org/netbeans/lib/profiler/ConstructorTest.<init>()V @21: astore_1
  Reason:
    Current frame's flags are not assignable to stack map frame's.
  Current Frame:
    bci: @0
    flags: { flagThisUninit }
    locals: { uninitializedThis }
    stack: { 'java/lang/Throwable' }
  Stackmap Frame:
    bci: @21
    flags: { }
    locals: { top }
    stack: { 'java/lan
Event: 0.788 Thread 0x0000028213a58000 Exception <a 'java/lang/NoSuchMethodError'{0x0000000088f80fa8}: 'java.lang.Object java.lang.invoke.DirectMethodHandle$Holder.invokeStaticInit(java.lang.Object, int, int, int, int)'> (0x0000000088f80fa8) 
thrown [t:/workspace/open/src/hotspot/share/interpreter/linkResolver.cpp, line 767]
Event: 0.866 Thread 0x0000028213a58000 Exception <a 'java/lang/NoSuchMethodError'{0x0000000088c1fb80}: 'java.lang.Object java.lang.invoke.DirectMethodHandle$Holder.invokeStaticInit(java.lang.Object, java.lang.Object, int, int, int, int)'> (0x0000000088c1fb80) 
thrown [t:/workspace/open/src/hotspot/share/interpreter/linkResolver.cpp, line 767]

Events (20 events):
Event: 1.813 Executing VM operation: GetAllStackTraces
Event: 1.814 Executing VM operation: GetAllStackTraces done
Event: 1.824 Executing VM operation: GetAllStackTraces
Event: 1.824 Executing VM operation: GetAllStackTraces done
Event: 1.835 Executing VM operation: GetAllStackTraces
Event: 1.835 Executing VM operation: GetAllStackTraces done
Event: 1.846 Executing VM operation: GetAllStackTraces
Event: 1.846 Executing VM operation: GetAllStackTraces done
Event: 1.856 Executing VM operation: GetAllStackTraces
Event: 1.856 Executing VM operation: GetAllStackTraces done
Event: 1.867 Executing VM operation: GetAllStackTraces
Event: 1.867 Executing VM operation: GetAllStackTraces done
Event: 1.875 loading class org/netbeans/lib/profiler/wireprotocol/EventBufferDumpedCommand
Event: 1.875 loading class org/netbeans/lib/profiler/wireprotocol/EventBufferDumpedCommand done
Event: 1.878 Executing VM operation: GetAllStackTraces
Event: 1.878 Executing VM operation: GetAllStackTraces done
Event: 1.898 loading class org/netbeans/lib/profiler/wireprotocol/DumpResultsResponse
Event: 1.898 loading class org/netbeans/lib/profiler/wireprotocol/DumpResultsResponse done
Event: 1.902 loading class org/netbeans/lib/profiler/wireprotocol/GetMethodNamesForJMethodIdsCommand
Event: 1.902 loading class org/netbeans/lib/profiler/wireprotocol/GetMethodNamesForJMethodIdsCommand done


Dynamic libraries:
0x00007ff75f370000 - 0x00007ff75f37f000 	C:\Program Files\Java\jdk-13\bin\java.exe
0x00007ffee0f60000 - 0x00007ffee1150000 	C:\WINDOWS\SYSTEM32\ntdll.dll
0x00007ffee00a0000 - 0x00007ffee0152000 	C:\WINDOWS\System32\KERNEL32.DLL
0x00007ffede2e0000 - 0x00007ffede583000 	C:\WINDOWS\System32\KERNELBASE.dll
0x00007ffede040000 - 0x00007ffede13a000 	C:\WINDOWS\System32\ucrtbase.dll
0x00007ffed4c20000 - 0x00007ffed4c35000 	C:\Program Files\Java\jdk-13\bin\VCRUNTIME140.dll
0x00007ffed4be0000 - 0x00007ffed4bf8000 	C:\Program Files\Java\jdk-13\bin\jli.dll
0x00007ffee07d0000 - 0x00007ffee0873000 	C:\WINDOWS\System32\ADVAPI32.dll
0x00007ffedf040000 - 0x00007ffedf0de000 	C:\WINDOWS\System32\msvcrt.dll
0x00007ffee06c0000 - 0x00007ffee0757000 	C:\WINDOWS\System32\sechost.dll
0x00007ffee08e0000 - 0x00007ffee0a00000 	C:\WINDOWS\System32\RPCRT4.dll
0x00007ffee0cb0000 - 0x00007ffee0e43000 	C:\WINDOWS\System32\USER32.dll
0x00007ffede720000 - 0x00007ffede741000 	C:\WINDOWS\System32\win32u.dll
0x00007ffed3900000 - 0x00007ffed3b85000 	C:\WINDOWS\WinSxS\amd64_microsoft.windows.common-controls_6595b64144ccf1df_6.0.18362.356_none_e6c4af7d130f27cc\COMCTL32.dll
0x00007ffee0e50000 - 0x00007ffee0e76000 	C:\WINDOWS\System32\GDI32.dll
0x00007ffede140000 - 0x00007ffede2d4000 	C:\WINDOWS\System32\gdi32full.dll
0x00007ffedf930000 - 0x00007ffedfc66000 	C:\WINDOWS\System32\combase.dll
0x00007ffede750000 - 0x00007ffede7ee000 	C:\WINDOWS\System32\msvcp_win.dll
0x00007ffedef70000 - 0x00007ffedeff0000 	C:\WINDOWS\System32\bcryptPrimitives.dll
0x00007ffed7b10000 - 0x00007ffed7b1a000 	C:\WINDOWS\SYSTEM32\VERSION.dll
0x00007ffedf010000 - 0x00007ffedf03e000 	C:\WINDOWS\System32\IMM32.DLL
0x00007ffeb3080000 - 0x00007ffeb311b000 	C:\Program Files\Java\jdk-13\bin\msvcp140.dll
0x00007ffea9240000 - 0x00007ffea9da6000 	C:\Program Files\Java\jdk-13\bin\server\jvm.dll
0x00007ffee06a0000 - 0x00007ffee06a8000 	C:\WINDOWS\System32\PSAPI.DLL
0x00007ffedc070000 - 0x00007ffedc079000 	C:\WINDOWS\SYSTEM32\WSOCK32.dll
0x00007ffedbfb0000 - 0x00007ffedbfd4000 	C:\WINDOWS\SYSTEM32\WINMM.dll
0x00007ffee0160000 - 0x00007ffee01cf000 	C:\WINDOWS\System32\WS2_32.dll
0x00007ffedbf00000 - 0x00007ffedbf2d000 	C:\WINDOWS\SYSTEM32\WINMMBASE.dll
0x00007ffede590000 - 0x00007ffede5da000 	C:\WINDOWS\System32\cfgmgr32.dll
0x00007ffedde40000 - 0x00007ffedde51000 	C:\WINDOWS\System32\kernel.appcore.dll
0x00007ffedc030000 - 0x00007ffedc040000 	C:\Program Files\Java\jdk-13\bin\verify.dll
0x00007ffeb7260000 - 0x00007ffeb7454000 	C:\WINDOWS\SYSTEM32\DBGHELP.DLL
0x00007ffed4590000 - 0x00007ffed45ba000 	C:\WINDOWS\SYSTEM32\dbgcore.DLL
0x00007ffec7fd0000 - 0x00007ffec7ff6000 	C:\Program Files\Java\jdk-13\bin\java.dll
0x00007ffeda7f0000 - 0x00007ffeda7ff000 	C:\Program Files\NetBeans-11.1\netbeans\profiler\lib\deployed\jdk16\windows-amd64\profilerinterface.dll
0x00007ffed4c00000 - 0x00007ffed4c17000 	C:\Program Files\Java\jdk-13\bin\zip.dll
0x00007ffeca1d0000 - 0x00007ffeca1da000 	C:\Program Files\Java\jdk-13\bin\jimage.dll
0x00007ffedf0e0000 - 0x00007ffedf7c5000 	C:\WINDOWS\System32\SHELL32.dll
0x00007ffedf7d0000 - 0x00007ffedf879000 	C:\WINDOWS\System32\shcore.dll
0x00007ffede7f0000 - 0x00007ffedef6e000 	C:\WINDOWS\System32\windows.storage.dll
0x00007ffedded0000 - 0x00007ffeddeef000 	C:\WINDOWS\System32\profapi.dll
0x00007ffedde80000 - 0x00007ffeddeca000 	C:\WINDOWS\System32\powrprof.dll
0x00007ffedde30000 - 0x00007ffedde40000 	C:\WINDOWS\System32\UMPDC.dll
0x00007ffee01d0000 - 0x00007ffee0222000 	C:\WINDOWS\System32\shlwapi.dll
0x00007ffedeff0000 - 0x00007ffedf007000 	C:\WINDOWS\System32\cryptsp.dll
0x00007ffec7fb0000 - 0x00007ffec7fc9000 	C:\Program Files\Java\jdk-13\bin\net.dll
0x00007ffed3400000 - 0x00007ffed35d6000 	C:\WINDOWS\SYSTEM32\urlmon.dll
0x00007ffed7620000 - 0x00007ffed7710000 	C:\WINDOWS\SYSTEM32\WINHTTP.dll
0x00007ffed3150000 - 0x00007ffed33f6000 	C:\WINDOWS\SYSTEM32\iertutil.dll
0x00007ffedd810000 - 0x00007ffedd81c000 	C:\WINDOWS\SYSTEM32\CRYPTBASE.DLL
0x00007ffedd640000 - 0x00007ffedd6a7000 	C:\WINDOWS\system32\mswsock.dll
0x00007ffec1760000 - 0x00007ffec1773000 	C:\Program Files\Java\jdk-13\bin\nio.dll
0x00007ffeca180000 - 0x00007ffeca189000 	C:\Program Files\Java\jdk-13\bin\management.dll
0x00007ffec9780000 - 0x00007ffec978b000 	C:\Program Files\Java\jdk-13\bin\management_ext.dll
0x00007ffedd1b0000 - 0x00007ffedd1e3000 	C:\WINDOWS\system32\rsaenh.dll
0x00007ffede5e0000 - 0x00007ffede606000 	C:\WINDOWS\System32\bcrypt.dll
0x00007ffeddd50000 - 0x00007ffeddd75000 	C:\WINDOWS\SYSTEM32\USERENV.dll
0x00007ffedd350000 - 0x00007ffedd38a000 	C:\WINDOWS\SYSTEM32\IPHLPAPI.DLL
0x00007ffee06b0000 - 0x00007ffee06b8000 	C:\WINDOWS\System32\NSI.dll
0x00007ffed8ca0000 - 0x00007ffed8cb6000 	C:\WINDOWS\SYSTEM32\dhcpcsvc6.DLL
0x00007ffed8bf0000 - 0x00007ffed8c0c000 	C:\WINDOWS\SYSTEM32\dhcpcsvc.DLL
0x00007ffedd390000 - 0x00007ffedd45a000 	C:\WINDOWS\SYSTEM32\DNSAPI.dll

dbghelp: loaded successfully - version: 4.0.5 - missing functions: none
symbol engine: initialized successfully - sym options: 0x614 - pdb path: .;C:\Program Files\Java\jdk-13\bin;C:\WINDOWS\SYSTEM32;C:\WINDOWS\WinSxS\amd64_microsoft.windows.common-controls_6595b64144ccf1df_6.0.18362.356_none_e6c4af7d130f27cc;C:\Program Files\Java\jdk-13\bin\server;C:\Program Files\NetBeans-11.1\netbeans\profiler\lib\deployed\jdk16\windows-amd64

VM Arguments:
jvm_args: -Dfile.encoding=UTF-8 -agentpath:C:/Program Files/NetBeans-11.1/netbeans/profiler/lib/deployed/jdk16/windows-amd64/profilerinterface.dll=C:\Program Files\NetBeans-11.1\netbeans\profiler\lib,5140,10 -XX:+HeapDumpOnOutOfMemoryError -XX:HeapDumpPath=C:\Users\axela\Documents\NetBeansProjects\Parquimetro\nbproject\private\profiler 
java_command: parquimetro.Parquimetro
java_class_path (initial): C:\Users\axela\Documents\NetBeansProjects\Parquimetro\build\classes
Launcher Type: SUN_STANDARD

[Global flags]
     intx CICompilerCount                          = 3                                         {product} {ergonomic}
     uint ConcGCThreads                            = 1                                         {product} {ergonomic}
     uint G1ConcRefinementThreads                  = 4                                         {product} {ergonomic}
   size_t G1HeapRegionSize                         = 1048576                                   {product} {ergonomic}
    uintx GCDrainStackTargetSize                   = 64                                        {product} {ergonomic}
     bool HeapDumpOnOutOfMemoryError               = true                                   {manageable} {command line}
    ccstr HeapDumpPath                             = C:\Users\axela\Documents\NetBeansProjects\Parquimetro\nbproject\private\profiler         {manageable} {command line}
   size_t InitialHeapSize                          = 134217728                                 {product} {ergonomic}
   size_t MarkStackSize                            = 4194304                                   {product} {ergonomic}
   size_t MaxHeapSize                              = 2128609280                                {product} {ergonomic}
   size_t MaxNewSize                               = 1277165568                                {product} {ergonomic}
   size_t MinHeapDeltaBytes                        = 1048576                                   {product} {ergonomic}
   size_t MinHeapSize                              = 8388608                                   {product} {ergonomic}
    uintx NonNMethodCodeHeapSize                   = 5830732                                {pd product} {ergonomic}
    uintx NonProfiledCodeHeapSize                  = 122913754                              {pd product} {ergonomic}
    uintx ProfiledCodeHeapSize                     = 122913754                              {pd product} {ergonomic}
    uintx ReservedCodeCacheSize                    = 251658240                              {pd product} {ergonomic}
     bool SegmentedCodeCache                       = true                                      {product} {ergonomic}
   size_t SoftMaxHeapSize                          = 2128609280                             {manageable} {ergonomic}
     bool UseCompressedClassPointers               = true                                 {lp64_product} {ergonomic}
     bool UseCompressedOops                        = true                                 {lp64_product} {ergonomic}
     bool UseG1GC                                  = true                                      {product} {ergonomic}
     bool UseLargePagesIndividualAllocation        = false                                  {pd product} {ergonomic}

Logging:
Log output configuration:
 #0: stdout all=warning uptime,level,tags
 #1: stderr all=off uptime,level,tags

Environment Variables:
PATH=C:\Program Files (x86)\Common Files\Oracle\Java\javapath;C:\Windows\system32;C:\Windows;C:\Windows\System32\Wbem;C:\Windows\System32\WindowsPowerShell\v1.0\;C:\Windows\System32\OpenSSH\;C:\Program Files (x86)\NVIDIA Corporation\PhysX\Common;C:\Program Files\NVIDIA Corporation\NVIDIA NvDLISR;%SystemRoot%\system32;%SystemRoot%;%SystemRoot%\System32\Wbem;%SYSTEMROOT%\System32\WindowsPowerShell\v1.0\;%SYSTEMROOT%\System32\OpenSSH\;C:\Users\axela\AppData\Local\Microsoft\WindowsApps;F:\Microsoft VS Code\bin
USERNAME=axela
OS=Windows_NT
PROCESSOR_IDENTIFIER=Intel64 Family 6 Model 158 Stepping 10, GenuineIntel



---------------  S Y S T E M  ---------------

OS: Windows 10 , 64 bit Build 18362 (10.0.18362.329)

CPU:total 4 (initial active 4) (2 cores per cpu, 2 threads per core) family 6 model 158 stepping 10, cmov, cx8, fxsr, mmx, sse, sse2, sse3, ssse3, sse4.1, sse4.2, popcnt, aes, clmul, erms, 3dnowpref, lzcnt, ht, tsc, tscinvbit

Memory: 4k page, system-wide physical 8113M (3508M free)
TotalPageFile size 12977M (AvailPageFile size 5075M)
current process WorkingSet (physical memory assigned to process): 55M, peak: 55M
current process commit charge ("private bytes"): 216M, peak: 218M

vm_info: Java HotSpot(TM) 64-Bit Server VM (13+33) for windows-amd64 JRE (13+33), built on Sep 18 2019 21:38:00 by "mach5one" with unknown MS VC++:1916

END.
